#
# There is insufficient memory for the Java Runtime Environment to continue.
# Native memory allocation (mmap) failed to map 5242880 bytes for G1 virtual space
# Possible reasons:
#   The system is out of physical RAM or swap space
#   The process is running with CompressedOops enabled, and the Java Heap may be blocking the growth of the native heap
# Possible solutions:
#   Reduce memory load on the system
#   Increase physical memory or swap space
#   Check if swap backing store is full
#   Decrease Java heap size (-Xmx/-Xms)
#   Decrease number of Java threads
#   Decrease Java thread stack sizes (-Xss)
#   Set larger code cache with -XX:ReservedCodeCacheSize=
#   JVM is running with Unscaled Compressed Oops mode in which the Java heap is
#     placed in the first 4GB address space. The Java Heap base address is the
#     maximum limit for the native heap growth. Please use -XX:HeapBaseMinAddress
#     to set the Java Heap base and to place the Java Heap above 4GB virtual address.
# This output file may be truncated or incomplete.
#
#  Out of Memory Error (os_windows.cpp:3825), pid=15268, tid=21124
#
# JRE version: OpenJDK Runtime Environment (17.0.9) (build 17.0.9+0--11185874)
# Java VM: OpenJDK 64-Bit Server VM (17.0.9+0--11185874, mixed mode, tiered, compressed oops, compressed class ptrs, g1 gc, windows-amd64)
# No core dump will be written. Minidumps are not enabled by default on client versions of Windows
#

---------------  S U M M A R Y ------------

Command Line: --add-opens=java.base/java.util=ALL-UNNAMED --add-opens=java.base/java.lang=ALL-UNNAMED --add-opens=java.base/java.lang.invoke=ALL-UNNAMED --add-opens=java.prefs/java.util.prefs=ALL-UNNAMED --add-opens=java.base/java.nio.charset=ALL-UNNAMED --add-opens=java.base/java.net=ALL-UNNAMED --add-opens=java.base/java.util.concurrent.atomic=ALL-UNNAMED -Xmx2048m -Dfile.encoding=UTF-8 -Duser.country=US -Duser.language=en -Duser.variant -javaagent:C:\Users\Curtis L\.gradle\wrapper\dists\gradle-8.4-bin\1w5dpkrfk8irigvoxmyhowfim\gradle-8.4\lib\agents\gradle-instrumentation-agent-8.4.jar org.gradle.launcher.daemon.bootstrap.GradleDaemon 8.4

Host: Intel(R) Core(TM) i5-8300H CPU @ 2.30GHz, 8 cores, 7G,  Windows 11 , 64 bit Build 22621 (10.0.22621.3374)
Time: Sun May 12 11:46:37 2024 Pacific Daylight Time elapsed time: 17.208435 seconds (0d 0h 0m 17s)

---------------  T H R E A D  ---------------

Current thread (0x000001d5f1863a30):  VMThread "VM Thread" [stack: 0x000000877ef00000,0x000000877f000000] [id=21124]

Stack: [0x000000877ef00000,0x000000877f000000]
Native frames: (J=compiled Java code, j=interpreted, Vv=VM code, C=native code)
V  [jvm.dll+0x6886e9]
V  [jvm.dll+0x841e4a]
V  [jvm.dll+0x843a8e]
V  [jvm.dll+0x8440f3]
V  [jvm.dll+0x24c14f]
V  [jvm.dll+0x685499]
V  [jvm.dll+0x679c2a]
V  [jvm.dll+0x30cf9b]
V  [jvm.dll+0x314446]
V  [jvm.dll+0x36425e]
V  [jvm.dll+0x36448f]
V  [jvm.dll+0x2e2d68]
V  [jvm.dll+0x2e5e56]
V  [jvm.dll+0x2f066a]
V  [jvm.dll+0x325610]
V  [jvm.dll+0x8487eb]
V  [jvm.dll+0x849531]
V  [jvm.dll+0x849a4d]
V  [jvm.dll+0x849e24]
V  [jvm.dll+0x849ef0]
V  [jvm.dll+0x7f06aa]
V  [jvm.dll+0x687565]
C  [ucrtbase.dll+0x29333]
C  [KERNEL32.DLL+0x1257d]
C  [ntdll.dll+0x5aa48]

VM_Operation (0x000000877ebff8c0): G1PauseRemark, mode: safepoint, requested by thread 0x000001d5d78f8fe0


---------------  P R O C E S S  ---------------

Threads class SMR info:
_java_thread_list=0x000001d5f8c0e1c0, length=51, elements={
0x000001d5d788c0e0, 0x000001d5f16fbe80, 0x000001d5f16fcd00, 0x000001d5f17118a0,
0x000001d5f1712630, 0x000001d5f1714360, 0x000001d5f1716d30, 0x000001d5f189af90,
0x000001d5f18a38b0, 0x000001d5f18a41c0, 0x000001d5f1a09f10, 0x000001d5f1b26e20,
0x000001d5f82d0a40, 0x000001d5f74cc960, 0x000001d5f7714ed0, 0x000001d5f7931500,
0x000001d5f72a87a0, 0x000001d5f7c46c90, 0x000001d5f7d76f70, 0x000001d5f7346f50,
0x000001d5f7347460, 0x000001d5f7348390, 0x000001d5f7346a40, 0x000001d5f7346020,
0x000001d5f7346530, 0x000001d5f73450f0, 0x000001d5f7347970, 0x000001d5f7345600,
0x000001d5f7347e80, 0x000001d5f7345b10, 0x000001d5f8ff0790, 0x000001d5f8fef860,
0x000001d5f8fefd70, 0x000001d5f8fedf10, 0x000001d5f8fef350, 0x000001d5f8fecfe0,
0x000001d5f8ff2b00, 0x000001d5f8ff0ca0, 0x000001d5f8ff11b0, 0x000001d5f8fed4f0,
0x000001d5f8feda00, 0x000001d5f8ff1bd0, 0x000001d5f8ff20e0, 0x000001d5f8ff3010,
0x000001d5f8fecad0, 0x000001d5f8ff3520, 0x000001d5f8fec0b0, 0x000001d5f8ff3a30,
0x000001d5f8feee40, 0x000001d5f8fec5c0, 0x000001d5f8fee420
}

Java Threads: ( => current thread )
  0x000001d5d788c0e0 JavaThread "main" [_thread_blocked, id=20652, stack(0x000000877e900000,0x000000877ea00000)]
  0x000001d5f16fbe80 JavaThread "Reference Handler" daemon [_thread_blocked, id=19996, stack(0x000000877f000000,0x000000877f100000)]
  0x000001d5f16fcd00 JavaThread "Finalizer" daemon [_thread_blocked, id=26588, stack(0x000000877f100000,0x000000877f200000)]
  0x000001d5f17118a0 JavaThread "Signal Dispatcher" daemon [_thread_blocked, id=23308, stack(0x000000877f200000,0x000000877f300000)]
  0x000001d5f1712630 JavaThread "Attach Listener" daemon [_thread_blocked, id=9300, stack(0x000000877f300000,0x000000877f400000)]
  0x000001d5f1714360 JavaThread "Service Thread" daemon [_thread_blocked, id=13268, stack(0x000000877f400000,0x000000877f500000)]
  0x000001d5f1716d30 JavaThread "Monitor Deflation Thread" daemon [_thread_blocked, id=8428, stack(0x000000877f500000,0x000000877f600000)]
  0x000001d5f189af90 JavaThread "C2 CompilerThread0" daemon [_thread_blocked, id=23516, stack(0x000000877f600000,0x000000877f700000)]
  0x000001d5f18a38b0 JavaThread "C1 CompilerThread0" daemon [_thread_blocked, id=20792, stack(0x000000877f700000,0x000000877f800000)]
  0x000001d5f18a41c0 JavaThread "Sweeper thread" daemon [_thread_blocked, id=27372, stack(0x000000877f800000,0x000000877f900000)]
  0x000001d5f1a09f10 JavaThread "Common-Cleaner" daemon [_thread_blocked, id=13744, stack(0x000000877f900000,0x000000877fa00000)]
  0x000001d5f1b26e20 JavaThread "Notification Thread" daemon [_thread_blocked, id=22084, stack(0x000000877fa00000,0x000000877fb00000)]
  0x000001d5f82d0a40 JavaThread "Daemon health stats" [_thread_blocked, id=5744, stack(0x0000008700100000,0x0000008700200000)]
  0x000001d5f74cc960 JavaThread "Incoming local TCP Connector on port 56912" [_thread_in_native, id=10456, stack(0x0000008700000000,0x0000008700100000)]
  0x000001d5f7714ed0 JavaThread "Daemon periodic checks" [_thread_blocked, id=26800, stack(0x0000008700200000,0x0000008700300000)]
  0x000001d5f7931500 JavaThread "Daemon" [_thread_blocked, id=17828, stack(0x0000008700400000,0x0000008700500000)]
  0x000001d5f72a87a0 JavaThread "Handler for socket connection from /127.0.0.1:56912 to /127.0.0.1:56913" [_thread_in_native, id=14312, stack(0x0000008700500000,0x0000008700600000)]
  0x000001d5f7c46c90 JavaThread "Cancel handler" [_thread_blocked, id=14728, stack(0x0000008700600000,0x0000008700700000)]
  0x000001d5f7d76f70 JavaThread "Daemon worker" [_thread_blocked, id=24960, stack(0x0000008700700000,0x0000008700800000)]
  0x000001d5f7346f50 JavaThread "Asynchronous log dispatcher for DefaultDaemonConnection: socket connection from /127.0.0.1:56912 to /127.0.0.1:56913" [_thread_blocked, id=3328, stack(0x0000008700800000,0x0000008700900000)]
  0x000001d5f7347460 JavaThread "Stdin handler" [_thread_blocked, id=20544, stack(0x0000008700900000,0x0000008700a00000)]
  0x000001d5f7348390 JavaThread "Daemon client event forwarder" [_thread_blocked, id=10308, stack(0x0000008700a00000,0x0000008700b00000)]
  0x000001d5f7346a40 JavaThread "Cache worker for journal cache (C:\Users\Curtis L\.gradle\caches\journal-1)" [_thread_blocked, id=11044, stack(0x0000008700e00000,0x0000008700f00000)]
  0x000001d5f7346020 JavaThread "File lock request listener" [_thread_in_native, id=27472, stack(0x0000008700f00000,0x0000008701000000)]
  0x000001d5f7346530 JavaThread "Cache worker for file hash cache (C:\Users\Curtis L\.gradle\caches\8.4\fileHashes)" [_thread_blocked, id=12732, stack(0x0000008701100000,0x0000008701200000)]
  0x000001d5f73450f0 JavaThread "File watcher server" daemon [_thread_blocked, id=6512, stack(0x0000008701200000,0x0000008701300000)]
  0x000001d5f7347970 JavaThread "File watcher consumer" daemon [_thread_blocked, id=5912, stack(0x0000008701300000,0x0000008701400000)]
  0x000001d5f7345600 JavaThread "Cache worker for checksums cache (C:\Users\Curtis L\AndroidStudioProjects\RoundRobin\.gradle\8.4\checksums)" [_thread_blocked, id=8636, stack(0x0000008701000000,0x0000008701100000)]
  0x000001d5f7347e80 JavaThread "Cache worker for file hash cache (C:\Users\Curtis L\AndroidStudioProjects\RoundRobin\.gradle\8.4\fileHashes)" [_thread_blocked, id=11364, stack(0x0000008701400000,0x0000008701500000)]
  0x000001d5f7345b10 JavaThread "Cache worker for cache directory md-supplier (C:\Users\Curtis L\.gradle\caches\8.4\md-supplier)" [_thread_blocked, id=14124, stack(0x0000008701500000,0x0000008701600000)]
  0x000001d5f8ff0790 JavaThread "Cache worker for file content cache (C:\Users\Curtis L\.gradle\caches\8.4\fileContent)" [_thread_blocked, id=25652, stack(0x0000008701600000,0x0000008701700000)]
  0x000001d5f8fef860 JavaThread "Cache worker for cache directory md-rule (C:\Users\Curtis L\.gradle\caches\8.4\md-rule)" [_thread_blocked, id=25548, stack(0x0000008701700000,0x0000008701800000)]
  0x000001d5f8fefd70 JavaThread "Cache worker for execution history cache (C:\Users\Curtis L\.gradle\caches\8.4\executionHistory)" [_thread_blocked, id=21072, stack(0x0000008701800000,0x0000008701900000)]
  0x000001d5f8fedf10 JavaThread "Cache worker for kotlin-dsl (C:\Users\Curtis L\.gradle\caches\8.4\kotlin-dsl)" [_thread_blocked, id=18272, stack(0x0000008701b00000,0x0000008701c00000)]
  0x000001d5f8fef350 JavaThread "jar transforms" [_thread_blocked, id=27104, stack(0x0000008701c00000,0x0000008701d00000)]
  0x000001d5f8fecfe0 JavaThread "jar transforms Thread 2" [_thread_blocked, id=25424, stack(0x0000008701d00000,0x0000008701e00000)]
  0x000001d5f8ff2b00 JavaThread "jar transforms Thread 3" [_thread_blocked, id=25812, stack(0x0000008701e00000,0x0000008701f00000)]
  0x000001d5f8ff0ca0 JavaThread "jar transforms Thread 4" [_thread_blocked, id=22132, stack(0x0000008701f00000,0x0000008702000000)]
  0x000001d5f8ff11b0 JavaThread "Cache worker for dependencies-accessors (C:\Users\Curtis L\AndroidStudioProjects\RoundRobin\.gradle\8.4\dependencies-accessors)" [_thread_blocked, id=27868, stack(0x0000008702000000,0x0000008702100000)]
  0x000001d5f8fed4f0 JavaThread "Cache worker for Build Output Cleanup Cache (C:\Users\Curtis L\AndroidStudioProjects\RoundRobin\.gradle\buildOutputCleanup)" [_thread_blocked, id=25104, stack(0x0000008702100000,0x0000008702200000)]
  0x000001d5f8feda00 JavaThread "jar transforms Thread 5" [_thread_blocked, id=24084, stack(0x0000008702200000,0x0000008702300000)]
  0x000001d5f8ff1bd0 JavaThread "jar transforms Thread 6" [_thread_blocked, id=9040, stack(0x0000008702300000,0x0000008702400000)]
  0x000001d5f8ff20e0 JavaThread "Unconstrained build operations" [_thread_blocked, id=14176, stack(0x0000008702400000,0x0000008702500000)]
  0x000001d5f8ff3010 JavaThread "Unconstrained build operations Thread 2" [_thread_blocked, id=25372, stack(0x0000008702500000,0x0000008702600000)]
  0x000001d5f8fecad0 JavaThread "Unconstrained build operations Thread 3" [_thread_blocked, id=10932, stack(0x0000008702600000,0x0000008702700000)]
  0x000001d5f8ff3520 JavaThread "Unconstrained build operations Thread 4" [_thread_blocked, id=4824, stack(0x0000008702700000,0x0000008702800000)]
  0x000001d5f8fec0b0 JavaThread "Unconstrained build operations Thread 5" [_thread_blocked, id=25640, stack(0x0000008702800000,0x0000008702900000)]
  0x000001d5f8ff3a30 JavaThread "Unconstrained build operations Thread 6" [_thread_blocked, id=24304, stack(0x0000008702900000,0x0000008702a00000)]
  0x000001d5f8feee40 JavaThread "Unconstrained build operations Thread 7" [_thread_blocked, id=7492, stack(0x0000008702a00000,0x0000008702b00000)]
  0x000001d5f8fec5c0 JavaThread "jar transforms Thread 7" [_thread_blocked, id=6572, stack(0x0000008702b00000,0x0000008702c00000)]
  0x000001d5f8fee420 JavaThread "jar transforms Thread 8" [_thread_blocked, id=10384, stack(0x0000008702c00000,0x0000008702d00000)]

Other Threads:
=>0x000001d5f1863a30 VMThread "VM Thread" [stack: 0x000000877ef00000,0x000000877f000000] [id=21124]
  0x000001d5d788cf60 WatcherThread [stack: 0x000000877fb00000,0x000000877fc00000] [id=13856]
  0x000001d5d78e8090 GCTaskThread "GC Thread#0" [stack: 0x000000877ea00000,0x000000877eb00000] [id=10808]
  0x000001d5f697aee0 GCTaskThread "GC Thread#1" [stack: 0x000000877fc00000,0x000000877fd00000] [id=1372]
  0x000001d5f697b1a0 GCTaskThread "GC Thread#2" [stack: 0x000000877fd00000,0x000000877fe00000] [id=28476]
  0x000001d5f65389f0 GCTaskThread "GC Thread#3" [stack: 0x000000877fe00000,0x000000877ff00000] [id=3364]
  0x000001d5f6ecac50 GCTaskThread "GC Thread#4" [stack: 0x000000877ff00000,0x0000008780000000] [id=25376]
  0x000001d5f72a6cc0 GCTaskThread "GC Thread#5" [stack: 0x0000008700300000,0x0000008700400000] [id=540]
  0x000001d5f82b5ef0 GCTaskThread "GC Thread#6" [stack: 0x0000008700b00000,0x0000008700c00000] [id=27236]
  0x000001d5f6dc6020 GCTaskThread "GC Thread#7" [stack: 0x0000008700c00000,0x0000008700d00000] [id=16780]
  0x000001d5d78f8fe0 ConcurrentGCThread "G1 Main Marker" [stack: 0x000000877eb00000,0x000000877ec00000] [id=18260]
  0x000001d5d78fa1a0 ConcurrentGCThread "G1 Conc#0" [stack: 0x000000877ec00000,0x000000877ed00000] [id=16832]
  0x000001d5f74e0dd0 ConcurrentGCThread "G1 Conc#1" [stack: 0x0000008700d00000,0x0000008700e00000] [id=9148]
  0x000001d5d793d600 ConcurrentGCThread "G1 Refine#0" [stack: 0x000000877ed00000,0x000000877ee00000] [id=2392]
  0x000001d5f7e142a0 ConcurrentGCThread "G1 Refine#1" [stack: 0x0000008701a00000,0x0000008701b00000] [id=27888]
  0x000001d5d793e030 ConcurrentGCThread "G1 Service" [stack: 0x000000877ee00000,0x000000877ef00000] [id=3736]

Threads with active compile tasks:
C2 CompilerThread0    17283 6171 %     4       java.util.zip.ZipFile$Source::initCEN @ 240 (591 bytes)

VM state: at safepoint (normal execution)

VM Mutex/Monitor currently owned by a thread:  ([mutex/lock_event])
[0x000001d5d7889640] Threads_lock - owner thread: 0x000001d5f1863a30
[0x000001d5d7887ea0] Heap_lock - owner thread: 0x000001d5d78f8fe0

Heap address: 0x0000000080000000, size: 2048 MB, Compressed Oops mode: 32-bit

CDS archive(s) not mapped
Compressed class space mapped at: 0x0000000100000000-0x0000000140000000, reserved size: 1073741824
Narrow klass base: 0x0000000000000000, Narrow klass shift: 3, Narrow klass range: 0x140000000

GC Precious Log:
 CPUs: 8 total, 8 available
 Memory: 8038M
 Large Page Support: Disabled
 NUMA Support: Disabled
 Compressed Oops: Enabled (32-bit)
 Heap Region Size: 1M
 Heap Min Capacity: 8M
 Heap Initial Capacity: 126M
 Heap Max Capacity: 2G
 Pre-touch: Disabled
 Parallel Workers: 8
 Concurrent Workers: 2
 Concurrent Refinement Workers: 8
 Periodic GC: Disabled

Heap:
 garbage-first heap   total 75776K, used 46651K [0x0000000080000000, 0x0000000100000000)
  region size 1024K, 3 young (3072K), 2 survivors (2048K)
 Metaspace       used 55907K, committed 56448K, reserved 1114112K
  class space    used 7669K, committed 7936K, reserved 1048576K

Heap Regions: E=young(eden), S=young(survivor), O=old, HS=humongous(starts), HC=humongous(continues), CS=collection set, F=free, OA=open archive, CA=closed archive, TAMS=top-at-mark-start (previous, next)
|   0|0x0000000080000000, 0x0000000080100000, 0x0000000080100000|100%|HS|  |TAMS 0x0000000080100000, 0x0000000080000000| Complete 
|   1|0x0000000080100000, 0x0000000080200000, 0x0000000080200000|100%|HC|  |TAMS 0x0000000080200000, 0x0000000080100000| Complete 
|   2|0x0000000080200000, 0x0000000080300000, 0x0000000080300000|100%|HC|  |TAMS 0x0000000080300000, 0x0000000080200000| Complete 
|   3|0x0000000080300000, 0x0000000080400000, 0x0000000080400000|100%|HC|  |TAMS 0x0000000080400000, 0x0000000080300000| Complete 
|   4|0x0000000080400000, 0x0000000080500000, 0x0000000080500000|100%| O|  |TAMS 0x0000000080500000, 0x0000000080400000| Untracked 
|   5|0x0000000080500000, 0x0000000080600000, 0x0000000080600000|100%| O|  |TAMS 0x0000000080600000, 0x0000000080500000| Untracked 
|   6|0x0000000080600000, 0x0000000080700000, 0x0000000080700000|100%| O|  |TAMS 0x0000000080700000, 0x0000000080600000| Untracked 
|   7|0x0000000080700000, 0x0000000080800000, 0x0000000080800000|100%| O|  |TAMS 0x0000000080800000, 0x0000000080700000| Updating 
|   8|0x0000000080800000, 0x0000000080900000, 0x0000000080900000|100%| O|  |TAMS 0x0000000080900000, 0x0000000080800000| Untracked 
|   9|0x0000000080900000, 0x0000000080a00000, 0x0000000080a00000|100%| O|  |TAMS 0x0000000080a00000, 0x0000000080900000| Untracked 
|  10|0x0000000080a00000, 0x0000000080a4f400, 0x0000000080b00000| 30%| O|  |TAMS 0x0000000080a4f400, 0x0000000080a00000| Updating 
|  11|0x0000000080b00000, 0x0000000080c00000, 0x0000000080c00000|100%| O|  |TAMS 0x0000000080c00000, 0x0000000080b00000| Untracked 
|  12|0x0000000080c00000, 0x0000000080d00000, 0x0000000080d00000|100%| O|  |TAMS 0x0000000080d00000, 0x0000000080c00000| Updating 
|  13|0x0000000080d00000, 0x0000000080e00000, 0x0000000080e00000|100%| O|  |TAMS 0x0000000080e00000, 0x0000000080d00000| Untracked 
|  14|0x0000000080e00000, 0x0000000080f00000, 0x0000000080f00000|100%| O|  |TAMS 0x0000000080f00000, 0x0000000080e00000| Untracked 
|  15|0x0000000080f00000, 0x0000000081000000, 0x0000000081000000|100%| O|  |TAMS 0x0000000081000000, 0x0000000080f00000| Untracked 
|  16|0x0000000081000000, 0x0000000081100000, 0x0000000081100000|100%| O|  |TAMS 0x0000000081100000, 0x0000000081000000| Untracked 
|  17|0x0000000081100000, 0x0000000081200000, 0x0000000081200000|100%| O|  |TAMS 0x0000000081200000, 0x0000000081100000| Untracked 
|  18|0x0000000081200000, 0x0000000081300000, 0x0000000081300000|100%| O|  |TAMS 0x0000000081300000, 0x0000000081200000| Untracked 
|  19|0x0000000081300000, 0x0000000081400000, 0x0000000081400000|100%| O|  |TAMS 0x0000000081400000, 0x0000000081300000| Untracked 
|  20|0x0000000081400000, 0x0000000081500000, 0x0000000081500000|100%| O|  |TAMS 0x0000000081500000, 0x0000000081400000| Untracked 
|  21|0x0000000081500000, 0x0000000081600000, 0x0000000081600000|100%| O|  |TAMS 0x0000000081600000, 0x0000000081500000| Untracked 
|  22|0x0000000081600000, 0x0000000081700000, 0x0000000081700000|100%| O|  |TAMS 0x0000000081700000, 0x0000000081600000| Updating 
|  23|0x0000000081700000, 0x0000000081800000, 0x0000000081800000|100%| O|  |TAMS 0x0000000081800000, 0x0000000081700000| Updating 
|  24|0x0000000081800000, 0x0000000081900000, 0x0000000081900000|100%| O|  |TAMS 0x0000000081900000, 0x0000000081800000| Untracked 
|  25|0x0000000081900000, 0x0000000081a00000, 0x0000000081a00000|100%| O|  |TAMS 0x0000000081a00000, 0x0000000081900000| Updating 
|  26|0x0000000081a00000, 0x0000000081b00000, 0x0000000081b00000|100%| O|  |TAMS 0x0000000081b00000, 0x0000000081a00000| Untracked 
|  27|0x0000000081b00000, 0x0000000081c00000, 0x0000000081c00000|100%| O|  |TAMS 0x0000000081c00000, 0x0000000081b00000| Untracked 
|  28|0x0000000081c00000, 0x0000000081d00000, 0x0000000081d00000|100%| O|  |TAMS 0x0000000081d00000, 0x0000000081c00000| Untracked 
|  29|0x0000000081d00000, 0x0000000081e00000, 0x0000000081e00000|100%| O|  |TAMS 0x0000000081e00000, 0x0000000081d00000| Updating 
|  30|0x0000000081e00000, 0x0000000081f00000, 0x0000000081f00000|100%| O|  |TAMS 0x0000000081f00000, 0x0000000081e00000| Untracked 
|  31|0x0000000081f00000, 0x0000000082000000, 0x0000000082000000|100%| O|  |TAMS 0x0000000082000000, 0x0000000081f00000| Untracked 
|  32|0x0000000082000000, 0x0000000082100000, 0x0000000082100000|100%| O|  |TAMS 0x0000000082100000, 0x0000000082000000| Updating 
|  33|0x0000000082100000, 0x0000000082200000, 0x0000000082200000|100%| O|  |TAMS 0x0000000082200000, 0x0000000082100000| Untracked 
|  34|0x0000000082200000, 0x0000000082300000, 0x0000000082300000|100%| O|  |TAMS 0x0000000082300000, 0x0000000082200000| Untracked 
|  35|0x0000000082300000, 0x0000000082400000, 0x0000000082400000|100%| O|  |TAMS 0x0000000082400000, 0x0000000082300000| Untracked 
|  36|0x0000000082400000, 0x0000000082500000, 0x0000000082500000|100%| O|  |TAMS 0x0000000082500000, 0x0000000082400000| Untracked 
|  37|0x0000000082500000, 0x0000000082600000, 0x0000000082600000|100%| O|  |TAMS 0x00000000825b2600, 0x0000000082500000| Untracked 
|  38|0x0000000082600000, 0x0000000082700000, 0x0000000082700000|100%|HS|  |TAMS 0x0000000082700000, 0x0000000082600000| Complete 
|  39|0x0000000082700000, 0x0000000082800000, 0x0000000082800000|100%|HS|  |TAMS 0x0000000082800000, 0x0000000082700000| Complete 
|  40|0x0000000082800000, 0x0000000082900000, 0x0000000082900000|100%|HS|  |TAMS 0x0000000082900000, 0x0000000082800000| Complete 
|  41|0x0000000082900000, 0x0000000082a00000, 0x0000000082a00000|100%| O|  |TAMS 0x0000000082900000, 0x0000000082900000| Untracked 
|  42|0x0000000082a00000, 0x0000000082b00000, 0x0000000082b00000|100%| O|  |TAMS 0x0000000082a00000, 0x0000000082a00000| Untracked 
|  43|0x0000000082b00000, 0x0000000082b3fa00, 0x0000000082c00000| 24%| O|  |TAMS 0x0000000082b00000, 0x0000000082b00000| Updating 
|  44|0x0000000082c00000, 0x0000000082d00000, 0x0000000082d00000|100%|HS|  |TAMS 0x0000000082c00000, 0x0000000082c00000| Complete 
|  45|0x0000000082d00000, 0x0000000082d00000, 0x0000000082e00000|  0%| F|  |TAMS 0x0000000082d00000, 0x0000000082d00000| Untracked 
|  46|0x0000000082e00000, 0x0000000082e00000, 0x0000000082f00000|  0%| F|  |TAMS 0x0000000082e00000, 0x0000000082e00000| Untracked 
|  47|0x0000000082f00000, 0x0000000082f00000, 0x0000000083000000|  0%| F|  |TAMS 0x0000000082f00000, 0x0000000082f00000| Untracked 
|  48|0x0000000083000000, 0x0000000083000000, 0x0000000083100000|  0%| F|  |TAMS 0x0000000083000000, 0x0000000083000000| Untracked 
|  49|0x0000000083100000, 0x0000000083100000, 0x0000000083200000|  0%| F|  |TAMS 0x0000000083100000, 0x0000000083100000| Untracked 
|  50|0x0000000083200000, 0x0000000083200000, 0x0000000083300000|  0%| F|  |TAMS 0x0000000083200000, 0x0000000083200000| Untracked 
|  51|0x0000000083300000, 0x0000000083300000, 0x0000000083400000|  0%| F|  |TAMS 0x0000000083300000, 0x0000000083300000| Untracked 
|  52|0x0000000083400000, 0x0000000083400000, 0x0000000083500000|  0%| F|  |TAMS 0x0000000083400000, 0x0000000083400000| Untracked 
|  53|0x0000000083500000, 0x0000000083500000, 0x0000000083600000|  0%| F|  |TAMS 0x0000000083500000, 0x0000000083500000| Untracked 
|  54|0x0000000083600000, 0x0000000083600000, 0x0000000083700000|  0%| F|  |TAMS 0x0000000083600000, 0x0000000083600000| Untracked 
|  55|0x0000000083700000, 0x0000000083700000, 0x0000000083800000|  0%| F|  |TAMS 0x0000000083700000, 0x0000000083700000| Untracked 
|  56|0x0000000083800000, 0x0000000083800000, 0x0000000083900000|  0%| F|  |TAMS 0x0000000083800000, 0x0000000083800000| Untracked 
|  57|0x0000000083900000, 0x0000000083900000, 0x0000000083a00000|  0%| F|  |TAMS 0x0000000083900000, 0x0000000083900000| Untracked 
|  58|0x0000000083a00000, 0x0000000083a00000, 0x0000000083b00000|  0%| F|  |TAMS 0x0000000083a00000, 0x0000000083a00000| Untracked 
|  59|0x0000000083b00000, 0x0000000083b00000, 0x0000000083c00000|  0%| F|  |TAMS 0x0000000083b00000, 0x0000000083b00000| Untracked 
|  60|0x0000000083c00000, 0x0000000083c00000, 0x0000000083d00000|  0%| F|  |TAMS 0x0000000083c00000, 0x0000000083c00000| Untracked 
|  61|0x0000000083d00000, 0x0000000083d00000, 0x0000000083e00000|  0%| F|  |TAMS 0x0000000083d00000, 0x0000000083d00000| Untracked 
|  62|0x0000000083e00000, 0x0000000083e00000, 0x0000000083f00000|  0%| F|  |TAMS 0x0000000083e00000, 0x0000000083e00000| Untracked 
|  63|0x0000000083f00000, 0x0000000083f00000, 0x0000000084000000|  0%| F|  |TAMS 0x0000000083f00000, 0x0000000083f00000| Untracked 
|  69|0x0000000084500000, 0x0000000084500000, 0x0000000084600000|  0%| F|  |TAMS 0x0000000084500000, 0x0000000084500000| Untracked 
|  70|0x0000000084600000, 0x0000000084600000, 0x0000000084700000|  0%| F|  |TAMS 0x0000000084600000, 0x0000000084600000| Untracked 
|  71|0x0000000084700000, 0x0000000084800000, 0x0000000084800000|100%| S|CS|TAMS 0x0000000084700000, 0x0000000084700000| Complete 
|  72|0x0000000084800000, 0x0000000084900000, 0x0000000084900000|100%| S|CS|TAMS 0x0000000084800000, 0x0000000084800000| Complete 
|  73|0x0000000084900000, 0x0000000084900000, 0x0000000084a00000|  0%| F|  |TAMS 0x0000000084900000, 0x0000000084900000| Untracked 
|  74|0x0000000084a00000, 0x0000000084a00000, 0x0000000084b00000|  0%| F|  |TAMS 0x0000000084a00000, 0x0000000084a00000| Untracked 
|  75|0x0000000084b00000, 0x0000000084b00000, 0x0000000084c00000|  0%| F|  |TAMS 0x0000000084b00000, 0x0000000084b00000| Untracked 
|  76|0x0000000084c00000, 0x0000000084c00000, 0x0000000084d00000|  0%| F|  |TAMS 0x0000000084c00000, 0x0000000084c00000| Untracked 
|  77|0x0000000084d00000, 0x0000000084d00000, 0x0000000084e00000|  0%| F|  |TAMS 0x0000000084d00000, 0x0000000084d00000| Untracked 
| 125|0x0000000087d00000, 0x0000000087d71fe8, 0x0000000087e00000| 44%| E|  |TAMS 0x0000000087d00000, 0x0000000087d00000| Complete 

Card table byte_map: [0x000001d5ea4a0000,0x000001d5ea8a0000] _byte_map_base: 0x000001d5ea0a0000

Marking Bits (Prev, Next): (CMBitMap*) 0x000001d5d78e86b0, (CMBitMap*) 0x000001d5d78e86f0
 Prev Bits: [0x000001d5eaca0000, 0x000001d5ecca0000)
 Next Bits: [0x000001d5ecca0000, 0x000001d5eeca0000)

Polling page: 0x000001d5d57e0000

Metaspace:

Usage:
  Non-class:     47.11 MB used.
      Class:      7.49 MB used.
       Both:     54.60 MB used.

Virtual space:
  Non-class space:       64.00 MB reserved,      47.38 MB ( 74%) committed,  1 nodes.
      Class space:        1.00 GB reserved,       7.75 MB ( <1%) committed,  1 nodes.
             Both:        1.06 GB reserved,      55.12 MB (  5%) committed. 

Chunk freelists:
   Non-Class:  15.79 MB
       Class:  8.26 MB
        Both:  24.05 MB

MaxMetaspaceSize: unlimited
CompressedClassSpaceSize: 1.00 GB
Initial GC threshold: 21.00 MB
Current GC threshold: 91.81 MB
CDS: off
MetaspaceReclaimPolicy: balanced
 - commit_granule_bytes: 65536.
 - commit_granule_words: 8192.
 - virtual_space_node_default_size: 8388608.
 - enlarge_chunks_in_place: 1.
 - new_chunks_are_fully_committed: 0.
 - uncommit_free_chunks: 1.
 - use_allocation_guard: 0.
 - handle_deallocations: 1.


Internal statistics:

num_allocs_failed_limit: 6.
num_arena_births: 642.
num_arena_deaths: 0.
num_vsnodes_births: 2.
num_vsnodes_deaths: 0.
num_space_committed: 882.
num_space_uncommitted: 0.
num_chunks_returned_to_freelist: 6.
num_chunks_taken_from_freelist: 2489.
num_chunk_merges: 3.
num_chunk_splits: 1635.
num_chunks_enlarged: 1103.
num_inconsistent_stats: 0.

CodeHeap 'non-profiled nmethods': size=120000Kb used=2554Kb max_used=3439Kb free=117445Kb
 bounds [0x000001d5e2830000, 0x000001d5e2b90000, 0x000001d5e9d60000]
CodeHeap 'profiled nmethods': size=120000Kb used=9946Kb max_used=11420Kb free=110053Kb
 bounds [0x000001d5dad60000, 0x000001d5db890000, 0x000001d5e2290000]
CodeHeap 'non-nmethods': size=5760Kb used=1626Kb max_used=1775Kb free=4133Kb
 bounds [0x000001d5e2290000, 0x000001d5e2500000, 0x000001d5e2830000]
 total_blobs=6058 nmethods=5359 adapters=611
 compilation: enabled
              stopped_count=0, restarted_count=0
 full_count=0

Compilation events (20 events):
Event: 16.998 Thread 0x000001d5f189af90 nmethod 6162 0x000001d5e2a8b310 code [0x000001d5e2a8b4a0, 0x000001d5e2a8b588]
Event: 17.059 Thread 0x000001d5f18a38b0 6163       3       jdk.internal.loader.URLClassPath$3::run (172 bytes)
Event: 17.061 Thread 0x000001d5f18a38b0 nmethod 6163 0x000001d5db132790 code [0x000001d5db132ac0, 0x000001d5db133c68]
Event: 17.061 Thread 0x000001d5f18a38b0 6164       3       jdk.internal.loader.URLClassPath$Loader::<init> (10 bytes)
Event: 17.061 Thread 0x000001d5f18a38b0 nmethod 6164 0x000001d5db718310 code [0x000001d5db7184a0, 0x000001d5db718658]
Event: 17.071 Thread 0x000001d5f18a38b0 6165   !   3       jdk.internal.loader.URLClassPath$JarLoader$1::run (175 bytes)
Event: 17.072 Thread 0x000001d5f18a38b0 nmethod 6165 0x000001d5dad60010 code [0x000001d5dad60240, 0x000001d5dad60998]
Event: 17.072 Thread 0x000001d5f18a38b0 6166       3       jdk.internal.loader.URLClassPath$JarLoader::getJarFile (102 bytes)
Event: 17.073 Thread 0x000001d5f18a38b0 nmethod 6166 0x000001d5dade9f10 code [0x000001d5dadea1e0, 0x000001d5dadeaea8]
Event: 17.073 Thread 0x000001d5f18a38b0 6167       3       jdk.internal.loader.URLClassPath$JarLoader::isOptimizable (10 bytes)
Event: 17.074 Thread 0x000001d5f18a38b0 nmethod 6167 0x000001d5db185110 code [0x000001d5db1852c0, 0x000001d5db185428]
Event: 17.074 Thread 0x000001d5f18a38b0 6168       3       jdk.internal.loader.FileURLMapper::<init> (10 bytes)
Event: 17.074 Thread 0x000001d5f18a38b0 nmethod 6168 0x000001d5db184c90 code [0x000001d5db184e20, 0x000001d5db184fd8]
Event: 17.074 Thread 0x000001d5f18a38b0 6169       3       jdk.internal.loader.FileURLMapper::exists (19 bytes)
Event: 17.075 Thread 0x000001d5f18a38b0 nmethod 6169 0x000001d5db0b7d90 code [0x000001d5db0b7fa0, 0x000001d5db0b85e8]
Event: 17.110 Thread 0x000001d5f18a38b0 6170       3       java.io.RandomAccessFile::<init> (262 bytes)
Event: 17.112 Thread 0x000001d5f18a38b0 nmethod 6170 0x000001d5daed0e90 code [0x000001d5daed1240, 0x000001d5daed27e8]
Event: 17.120 Thread 0x000001d5f189af90 6171 %     4       java.util.zip.ZipFile$Source::initCEN @ 240 (591 bytes)
Event: 17.126 Thread 0x000001d5f18a38b0 6172       3       java.util.TreeSet::add (22 bytes)
Event: 17.126 Thread 0x000001d5f18a38b0 nmethod 6172 0x000001d5db500d10 code [0x000001d5db500ec0, 0x000001d5db5010e8]

GC Heap History (20 events):
Event: 10.693 GC heap before
{Heap before GC invocations=9 (full 0):
 garbage-first heap   total 71680K, used 53635K [0x0000000080000000, 0x0000000100000000)
  region size 1024K, 32 young (32768K), 2 survivors (2048K)
 Metaspace       used 40960K, committed 41344K, reserved 1114112K
  class space    used 5418K, committed 5632K, reserved 1048576K
}
Event: 10.701 GC heap after
{Heap after GC invocations=10 (full 0):
 garbage-first heap   total 71680K, used 27876K [0x0000000080000000, 0x0000000100000000)
  region size 1024K, 4 young (4096K), 4 survivors (4096K)
 Metaspace       used 40960K, committed 41344K, reserved 1114112K
  class space    used 5418K, committed 5632K, reserved 1048576K
}
Event: 11.205 GC heap before
{Heap before GC invocations=10 (full 0):
 garbage-first heap   total 71680K, used 55524K [0x0000000080000000, 0x0000000100000000)
  region size 1024K, 30 young (30720K), 4 survivors (4096K)
 Metaspace       used 42709K, committed 43072K, reserved 1114112K
  class space    used 5594K, committed 5760K, reserved 1048576K
}
Event: 11.211 GC heap after
{Heap after GC invocations=11 (full 0):
 garbage-first heap   total 71680K, used 30830K [0x0000000080000000, 0x0000000100000000)
  region size 1024K, 2 young (2048K), 2 survivors (2048K)
 Metaspace       used 42709K, committed 43072K, reserved 1114112K
  class space    used 5594K, committed 5760K, reserved 1048576K
}
Event: 12.104 GC heap before
{Heap before GC invocations=11 (full 0):
 garbage-first heap   total 71680K, used 56430K [0x0000000080000000, 0x0000000100000000)
  region size 1024K, 27 young (27648K), 2 survivors (2048K)
 Metaspace       used 45951K, committed 46336K, reserved 1114112K
  class space    used 6156K, committed 6336K, reserved 1048576K
}
Event: 12.109 GC heap after
{Heap after GC invocations=12 (full 0):
 garbage-first heap   total 71680K, used 31627K [0x0000000080000000, 0x0000000100000000)
  region size 1024K, 4 young (4096K), 4 survivors (4096K)
 Metaspace       used 45951K, committed 46336K, reserved 1114112K
  class space    used 6156K, committed 6336K, reserved 1048576K
}
Event: 13.086 GC heap before
{Heap before GC invocations=12 (full 0):
 garbage-first heap   total 71680K, used 56203K [0x0000000080000000, 0x0000000100000000)
  region size 1024K, 28 young (28672K), 4 survivors (4096K)
 Metaspace       used 49167K, committed 49600K, reserved 1114112K
  class space    used 6637K, committed 6848K, reserved 1048576K
}
Event: 13.090 GC heap after
{Heap after GC invocations=13 (full 0):
 garbage-first heap   total 71680K, used 32653K [0x0000000080000000, 0x0000000100000000)
  region size 1024K, 4 young (4096K), 4 survivors (4096K)
 Metaspace       used 49167K, committed 49600K, reserved 1114112K
  class space    used 6637K, committed 6848K, reserved 1048576K
}
Event: 14.014 GC heap before
{Heap before GC invocations=13 (full 0):
 garbage-first heap   total 71680K, used 56205K [0x0000000080000000, 0x0000000100000000)
  region size 1024K, 27 young (27648K), 4 survivors (4096K)
 Metaspace       used 52278K, committed 52736K, reserved 1114112K
  class space    used 7153K, committed 7360K, reserved 1048576K
}
Event: 14.020 GC heap after
{Heap after GC invocations=14 (full 0):
 garbage-first heap   total 71680K, used 34305K [0x0000000080000000, 0x0000000100000000)
  region size 1024K, 3 young (3072K), 3 survivors (3072K)
 Metaspace       used 52278K, committed 52736K, reserved 1114112K
  class space    used 7153K, committed 7360K, reserved 1048576K
}
Event: 14.950 GC heap before
{Heap before GC invocations=14 (full 0):
 garbage-first heap   total 71680K, used 56833K [0x0000000080000000, 0x0000000100000000)
  region size 1024K, 25 young (25600K), 3 survivors (3072K)
 Metaspace       used 54877K, committed 55360K, reserved 1114112K
  class space    used 7577K, committed 7808K, reserved 1048576K
}
Event: 14.955 GC heap after
{Heap after GC invocations=15 (full 0):
 garbage-first heap   total 71680K, used 35373K [0x0000000080000000, 0x0000000100000000)
  region size 1024K, 3 young (3072K), 3 survivors (3072K)
 Metaspace       used 54877K, committed 55360K, reserved 1114112K
  class space    used 7577K, committed 7808K, reserved 1048576K
}
Event: 16.669 GC heap before
{Heap before GC invocations=16 (full 0):
 garbage-first heap   total 71680K, used 56877K [0x0000000080000000, 0x0000000100000000)
  region size 1024K, 25 young (25600K), 3 survivors (3072K)
 Metaspace       used 55793K, committed 56384K, reserved 1114112K
  class space    used 7659K, committed 7936K, reserved 1048576K
}
Event: 16.679 GC heap after
{Heap after GC invocations=17 (full 0):
 garbage-first heap   total 71680K, used 38164K [0x0000000080000000, 0x0000000100000000)
  region size 1024K, 4 young (4096K), 4 survivors (4096K)
 Metaspace       used 55793K, committed 56384K, reserved 1114112K
  class space    used 7659K, committed 7936K, reserved 1048576K
}
Event: 16.828 GC heap before
{Heap before GC invocations=17 (full 0):
 garbage-first heap   total 71680K, used 40212K [0x0000000080000000, 0x0000000100000000)
  region size 1024K, 7 young (7168K), 4 survivors (4096K)
 Metaspace       used 55863K, committed 56384K, reserved 1114112K
  class space    used 7663K, committed 7936K, reserved 1048576K
}
Event: 16.833 GC heap after
{Heap after GC invocations=18 (full 0):
 garbage-first heap   total 71680K, used 38490K [0x0000000080000000, 0x0000000100000000)
  region size 1024K, 1 young (1024K), 1 survivors (1024K)
 Metaspace       used 55863K, committed 56384K, reserved 1114112K
  class space    used 7663K, committed 7936K, reserved 1048576K
}
Event: 16.958 GC heap before
{Heap before GC invocations=19 (full 0):
 garbage-first heap   total 71680K, used 41562K [0x0000000080000000, 0x0000000100000000)
  region size 1024K, 3 young (3072K), 1 survivors (1024K)
 Metaspace       used 55895K, committed 56448K, reserved 1114112K
  class space    used 7669K, committed 7936K, reserved 1048576K
}
Event: 16.960 GC heap after
{Heap after GC invocations=20 (full 0):
 garbage-first heap   total 71680K, used 41447K [0x0000000080000000, 0x0000000100000000)
  region size 1024K, 2 young (2048K), 2 survivors (2048K)
 Metaspace       used 55895K, committed 56448K, reserved 1114112K
  class space    used 7669K, committed 7936K, reserved 1048576K
}
Event: 17.133 GC heap before
{Heap before GC invocations=21 (full 0):
 garbage-first heap   total 75776K, used 44519K [0x0000000080000000, 0x0000000100000000)
  region size 1024K, 6 young (6144K), 2 survivors (2048K)
 Metaspace       used 55907K, committed 56448K, reserved 1114112K
  class space    used 7669K, committed 7936K, reserved 1048576K
}
Event: 17.136 GC heap after
{Heap after GC invocations=22 (full 0):
 garbage-first heap   total 75776K, used 45627K [0x0000000080000000, 0x0000000100000000)
  region size 1024K, 2 young (2048K), 2 survivors (2048K)
 Metaspace       used 55907K, committed 56448K, reserved 1114112K
  class space    used 7669K, committed 7936K, reserved 1048576K
}

Dll operation events (3 events):
Event: 0.020 Loaded shared library C:\Program Files\Android\Android Studio\jbr\bin\java.dll
Event: 0.266 Loaded shared library C:\Program Files\Android\Android Studio\jbr\bin\zip.dll
Event: 1.137 Loaded shared library C:\Program Files\Android\Android Studio\jbr\bin\verify.dll

Deoptimization events (20 events):
Event: 16.803 Thread 0x000001d5f7d76f70 DEOPT PACKING pc=0x000001d5e2b47944 sp=0x00000087007f9600
Event: 16.803 Thread 0x000001d5f7d76f70 DEOPT UNPACKING pc=0x000001d5e22e69a3 sp=0x00000087007f95c8 mode 2
Event: 16.803 Thread 0x000001d5f7d76f70 Uncommon trap: trap_request=0xffffff45 fr.pc=0x000001d5e2b451d0 relative=0x00000000000006f0
Event: 16.803 Thread 0x000001d5f7d76f70 Uncommon trap: reason=unstable_if action=reinterpret pc=0x000001d5e2b451d0 method=org.gradle.util.internal.SimpleMapInterner.intern(Ljava/lang/String;)Ljava/lang/String; @ 1 c2
Event: 16.803 Thread 0x000001d5f7d76f70 DEOPT PACKING pc=0x000001d5e2b451d0 sp=0x00000087007f9590
Event: 16.804 Thread 0x000001d5f7d76f70 DEOPT UNPACKING pc=0x000001d5e22e69a3 sp=0x00000087007f9558 mode 2
Event: 16.825 Thread 0x000001d5f7d76f70 Uncommon trap: trap_request=0xffffffc6 fr.pc=0x000001d5e2998c78 relative=0x0000000000000238
Event: 16.825 Thread 0x000001d5f7d76f70 Uncommon trap: reason=bimorphic_or_optimized_type_check action=maybe_recompile pc=0x000001d5e2998c78 method=com.google.common.base.CharMatcher.indexIn(Ljava/lang/CharSequence;I)I @ 31 c2
Event: 16.825 Thread 0x000001d5f7d76f70 DEOPT PACKING pc=0x000001d5e2998c78 sp=0x00000087007f9890
Event: 16.825 Thread 0x000001d5f7d76f70 DEOPT UNPACKING pc=0x000001d5e22e69a3 sp=0x00000087007f9838 mode 2
Event: 16.916 Thread 0x000001d5f7d76f70 Uncommon trap: trap_request=0xffffffc6 fr.pc=0x000001d5e2b5e1a4 relative=0x0000000000000064
Event: 16.916 Thread 0x000001d5f7d76f70 Uncommon trap: reason=bimorphic_or_optimized_type_check action=maybe_recompile pc=0x000001d5e2b5e1a4 method=com.google.common.collect.ImmutableList.copyOf(Ljava/util/Collection;)Lcom/google/common/collect/ImmutableList; @ 16 c2
Event: 16.916 Thread 0x000001d5f7d76f70 DEOPT PACKING pc=0x000001d5e2b5e1a4 sp=0x00000087007f8f10
Event: 16.916 Thread 0x000001d5f7d76f70 DEOPT UNPACKING pc=0x000001d5e22e69a3 sp=0x00000087007f8eb8 mode 2
Event: 16.917 Thread 0x000001d5f7d76f70 Uncommon trap: trap_request=0xffffffc6 fr.pc=0x000001d5e2b5e1a4 relative=0x0000000000000064
Event: 16.917 Thread 0x000001d5f7d76f70 Uncommon trap: reason=bimorphic_or_optimized_type_check action=maybe_recompile pc=0x000001d5e2b5e1a4 method=com.google.common.collect.ImmutableList.copyOf(Ljava/util/Collection;)Lcom/google/common/collect/ImmutableList; @ 16 c2
Event: 16.917 Thread 0x000001d5f7d76f70 DEOPT PACKING pc=0x000001d5e2b5e1a4 sp=0x00000087007f8b80
Event: 16.917 Thread 0x000001d5f7d76f70 DEOPT UNPACKING pc=0x000001d5e22e69a3 sp=0x00000087007f8b28 mode 2
Event: 16.968 Thread 0x000001d5f7d76f70 DEOPT PACKING pc=0x000001d5dae43cbd sp=0x00000087007f6c60
Event: 16.968 Thread 0x000001d5f7d76f70 DEOPT UNPACKING pc=0x000001d5e22e7143 sp=0x00000087007f60e8 mode 0

Classes unloaded (0 events):
No events

Classes redefined (0 events):
No events

Internal exceptions (20 events):
Event: 14.535 Thread 0x000001d5f7d76f70 Exception <a 'java/lang/NoSuchMethodError'{0x0000000083949a88}: static Lorg/gradle/api/internal/catalog/PluginModel;.<clinit>()V> (0x0000000083949a88) 
thrown [s\src\hotspot\share\prims\jni.cpp, line 1108]
Event: 14.537 Thread 0x000001d5f7d76f70 Exception <a 'java/lang/NoSuchMethodError'{0x000000008395ee18}: static Lorg/gradle/api/internal/catalog/VersionModel;.<clinit>()V> (0x000000008395ee18) 
thrown [s\src\hotspot\share\prims\jni.cpp, line 1108]
Event: 14.542 Thread 0x000001d5f7d76f70 Exception <a 'java/lang/NoSuchMethodError'{0x0000000083983458}: 'void java.lang.invoke.DirectMethodHandle$Holder.invokeSpecial(java.lang.Object, java.lang.Object, java.lang.Object, int)'> (0x0000000083983458) 
thrown [s\src\hotspot\share\interpreter\linkResolver.cpp, line 771]
Event: 14.736 Thread 0x000001d5f7d76f70 Exception <a 'java/lang/NoSuchMethodError'{0x0000000083550f78}: 'int java.lang.invoke.DirectMethodHandle$Holder.invokeSpecialIFC(java.lang.Object, java.lang.Object, java.lang.Object)'> (0x0000000083550f78) 
thrown [s\src\hotspot\share\interpreter\linkResolver.cpp, line 771]
Event: 14.876 Thread 0x000001d5f7d76f70 Exception <a 'java/lang/NoSuchMethodError'{0x000000008310acd0}: 'java.lang.Object java.lang.invoke.DirectMethodHandle$Holder.newInvokeSpecial(java.lang.Object, java.lang.Object, java.lang.Object, java.lang.Object, java.lang.Object, int)'> (0x000000008310acd0) 
thrown [s\src\hotspot\share\interpreter\linkResolver.cpp, line 771]
Event: 14.877 Thread 0x000001d5f7d76f70 Exception <a 'java/lang/NoSuchMethodError'{0x0000000083110128}: 'java.lang.Object java.lang.invoke.DirectMethodHandle$Holder.invokeSpecial(java.lang.Object, java.lang.Object, java.lang.Object, java.lang.Object, java.lang.Object, java.lang.Object, int)'> (0x0000000083110128) 
thrown [s\src\hotspot\share\interpreter\linkResolver.cpp, line 771]
Event: 14.886 Thread 0x000001d5f7d76f70 Exception <a 'java/lang/NoSuchMethodError'{0x0000000083146b80}: 'java.lang.Object java.lang.invoke.DirectMethodHandle$Holder.invokeSpecial(java.lang.Object, java.lang.Object, java.lang.Object, java.lang.Object, java.lang.Object, long)'> (0x0000000083146b80) 
thrown [s\src\hotspot\share\interpreter\linkResolver.cpp, line 771]
Event: 14.890 Thread 0x000001d5f7d76f70 Exception <a 'java/lang/NoSuchMethodError'{0x0000000083169460}: 'void java.lang.invoke.DirectMethodHandle$Holder.invokeStatic(java.lang.Object, java.lang.Object, java.lang.Object, int, java.lang.Object)'> (0x0000000083169460) 
thrown [s\src\hotspot\share\interpreter\linkResolver.cpp, line 771]
Event: 16.620 Thread 0x000001d5f7d76f70 Exception <a 'java/lang/NoSuchMethodError'{0x00000000831c15b0}: 'long java.lang.invoke.DirectMethodHandle$Holder.invokeVirtual(java.lang.Object, java.lang.Object)'> (0x00000000831c15b0) 
thrown [s\src\hotspot\share\interpreter\linkResolver.cpp, line 771]
Event: 16.626 Thread 0x000001d5f7348390 Exception <a 'java/lang/NoSuchMethodError'{0x0000000083008970}: static Lorg/gradle/internal/build/event/types/DefaultOperationFinishedProgressEvent;.<clinit>()V> (0x0000000083008970) 
thrown [s\src\hotspot\share\prims\jni.cpp, line 1108]
Event: 16.629 Thread 0x000001d5f7348390 Exception <a 'java/lang/NoSuchMethodError'{0x00000000830318a8}: static Lorg/gradle/internal/build/event/types/DefaultProjectConfigurationSuccessResult;.<clinit>()V> (0x00000000830318a8) 
thrown [s\src\hotspot\share\prims\jni.cpp, line 1108]
Event: 16.629 Thread 0x000001d5f7348390 Exception <a 'java/lang/NoSuchMethodError'{0x0000000083036038}: static Lorg/gradle/internal/build/event/types/AbstractProjectConfigurationResult;.<clinit>()V> (0x0000000083036038) 
thrown [s\src\hotspot\share\prims\jni.cpp, line 1108]
Event: 16.629 Thread 0x000001d5f7348390 Exception <a 'java/lang/NoSuchMethodError'{0x00000000830377f0}: static Lorg/gradle/internal/build/event/types/AbstractOperationResult;.<clinit>()V> (0x00000000830377f0) 
thrown [s\src\hotspot\share\prims\jni.cpp, line 1108]
Event: 16.630 Thread 0x000001d5f7348390 Exception <a 'java/lang/NoSuchMethodError'{0x0000000083038a00}: static Lorg/gradle/internal/build/event/types/AbstractResult;.<clinit>()V> (0x0000000083038a00) 
thrown [s\src\hotspot\share\prims\jni.cpp, line 1108]
Event: 16.632 Thread 0x000001d5f7348390 Exception <a 'java/lang/NoSuchMethodError'{0x00000000830509c0}: static Lorg/gradle/internal/build/event/types/DefaultPluginApplicationResult;.<clinit>()V> (0x00000000830509c0) 
thrown [s\src\hotspot\share\prims\jni.cpp, line 1108]
Event: 16.633 Thread 0x000001d5f7348390 Exception <a 'java/lang/NoSuchMethodError'{0x000000008305cfc0}: static Lorg/gradle/internal/build/event/types/DefaultBinaryPluginIdentifier;.<clinit>()V> (0x000000008305cfc0) 
thrown [s\src\hotspot\share\prims\jni.cpp, line 1108]
Event: 16.636 Thread 0x000001d5f7348390 Exception <a 'java/lang/NoSuchMethodError'{0x0000000083076200}: static Lorg/gradle/internal/build/event/types/DefaultScriptPluginIdentifier;.<clinit>()V> (0x0000000083076200) 
thrown [s\src\hotspot\share\prims\jni.cpp, line 1108]
Event: 16.803 Thread 0x000001d5f7d76f70 Implicit null exception at 0x000001d5e2b47292 to 0x000001d5e2b47934
Event: 16.803 Thread 0x000001d5f7d76f70 Implicit null exception at 0x000001d5e2b44b14 to 0x000001d5e2b451b8
Event: 16.924 Thread 0x000001d5f7d76f70 Exception <a 'java/lang/NoSuchMethodError'{0x0000000084d1ad90}: 'void java.lang.invoke.Invokers$Holder.invoke_MT(java.lang.Object, java.lang.Object, java.lang.Object, java.lang.Object)'> (0x0000000084d1ad90) 
thrown [s\src\hotspot\share\interpreter\linkResolver.cpp, line 771]

VM Operations (20 events):
Event: 16.355 Executing VM operation: HandshakeAllThreads done
Event: 16.400 Executing VM operation: HandshakeAllThreads
Event: 16.405 Executing VM operation: HandshakeAllThreads done
Event: 16.669 Executing VM operation: G1CollectForAllocation
Event: 16.680 Executing VM operation: G1CollectForAllocation done
Event: 16.828 Executing VM operation: G1TryInitiateConcMark
Event: 16.835 Executing VM operation: G1TryInitiateConcMark done
Event: 16.885 Executing VM operation: G1PauseRemark
Event: 16.890 Executing VM operation: G1PauseRemark done
Event: 16.917 Executing VM operation: G1PauseCleanup
Event: 16.918 Executing VM operation: G1PauseCleanup done
Event: 16.958 Executing VM operation: G1TryInitiateConcMark
Event: 16.960 Executing VM operation: G1TryInitiateConcMark done
Event: 17.019 Executing VM operation: G1PauseRemark
Event: 17.024 Executing VM operation: G1PauseRemark done
Event: 17.053 Executing VM operation: G1PauseCleanup
Event: 17.054 Executing VM operation: G1PauseCleanup done
Event: 17.133 Executing VM operation: G1TryInitiateConcMark
Event: 17.136 Executing VM operation: G1TryInitiateConcMark done
Event: 17.198 Executing VM operation: G1PauseRemark

Events (20 events):
Event: 16.418 Thread 0x000001d5f18a41c0 flushing nmethod 0x000001d5db6d2c10
Event: 16.418 Thread 0x000001d5f18a41c0 flushing nmethod 0x000001d5db6d3a90
Event: 16.418 Thread 0x000001d5f18a41c0 flushing nmethod 0x000001d5db6d3f10
Event: 16.418 Thread 0x000001d5f18a41c0 flushing nmethod 0x000001d5db6d5390
Event: 16.418 Thread 0x000001d5f18a41c0 flushing nmethod 0x000001d5db6d5b10
Event: 16.418 Thread 0x000001d5f18a41c0 flushing nmethod 0x000001d5db6ddf10
Event: 16.418 Thread 0x000001d5f18a41c0 flushing nmethod 0x000001d5db6e0210
Event: 16.418 Thread 0x000001d5f18a41c0 flushing nmethod 0x000001d5db6e0b90
Event: 16.418 Thread 0x000001d5f18a41c0 flushing nmethod 0x000001d5db6e6e90
Event: 16.418 Thread 0x000001d5f18a41c0 flushing nmethod 0x000001d5db6ff510
Event: 16.418 Thread 0x000001d5f18a41c0 flushing nmethod 0x000001d5db718310
Event: 16.419 Thread 0x000001d5f18a41c0 flushing nmethod 0x000001d5db765210
Event: 16.419 Thread 0x000001d5f18a41c0 flushing nmethod 0x000001d5db82e610
Event: 16.623 loading class java/util/stream/SortedOps$RefSortingSink
Event: 16.623 loading class java/util/stream/SortedOps$RefSortingSink done
Event: 16.634 loading class java/time/Ser
Event: 16.635 loading class java/time/Ser done
Event: 16.743 loading class jdk/internal/access/foreign/MemorySegmentProxy
Event: 16.744 loading class jdk/internal/access/foreign/MemorySegmentProxy done
Event: 17.110 Thread 0x000001d5f7f94360 Thread exited: 0x000001d5f7f94360


Dynamic libraries:
0x00007ff70d0f0000 - 0x00007ff70d0fa000 	C:\Program Files\Android\Android Studio\jbr\bin\java.exe
0x00007ffcd68d0000 - 0x00007ffcd6ae6000 	C:\WINDOWS\SYSTEM32\ntdll.dll
0x00007ffcd4990000 - 0x00007ffcd4a54000 	C:\WINDOWS\System32\KERNEL32.DLL
0x00007ffcd3cb0000 - 0x00007ffcd4057000 	C:\WINDOWS\System32\KERNELBASE.dll
0x00007ffcd4090000 - 0x00007ffcd41a1000 	C:\WINDOWS\System32\ucrtbase.dll
0x00007ffcc9880000 - 0x00007ffcc989b000 	C:\Program Files\Android\Android Studio\jbr\bin\VCRUNTIME140.dll
0x00007ffc96f80000 - 0x00007ffc96f97000 	C:\Program Files\Android\Android Studio\jbr\bin\jli.dll
0x00007ffcd6000000 - 0x00007ffcd61ae000 	C:\WINDOWS\System32\USER32.dll
0x00007ffcd4060000 - 0x00007ffcd4086000 	C:\WINDOWS\System32\win32u.dll
0x00007ffcbe050000 - 0x00007ffcbe2e3000 	C:\WINDOWS\WinSxS\amd64_microsoft.windows.common-controls_6595b64144ccf1df_6.0.22621.3235_none_270f74e173860f98\COMCTL32.dll
0x00007ffcd56b0000 - 0x00007ffcd56d9000 	C:\WINDOWS\System32\GDI32.dll
0x00007ffcd4a60000 - 0x00007ffcd4b07000 	C:\WINDOWS\System32\msvcrt.dll
0x00007ffcd4280000 - 0x00007ffcd4399000 	C:\WINDOWS\System32\gdi32full.dll
0x00007ffcd41e0000 - 0x00007ffcd427a000 	C:\WINDOWS\System32\msvcp_win.dll
0x00007ffcd4b20000 - 0x00007ffcd4b51000 	C:\WINDOWS\System32\IMM32.DLL
0x00007ffcca460000 - 0x00007ffcca46c000 	C:\Program Files\Android\Android Studio\jbr\bin\vcruntime140_1.dll
0x00007ffca7ed0000 - 0x00007ffca7f5d000 	C:\Program Files\Android\Android Studio\jbr\bin\msvcp140.dll
0x00007ffc42fd0000 - 0x00007ffc43c53000 	C:\Program Files\Android\Android Studio\jbr\bin\server\jvm.dll
0x00007ffcd5f40000 - 0x00007ffcd5ff2000 	C:\WINDOWS\System32\ADVAPI32.dll
0x00007ffcd54f0000 - 0x00007ffcd5598000 	C:\WINDOWS\System32\sechost.dll
0x00007ffcd41b0000 - 0x00007ffcd41d8000 	C:\WINDOWS\System32\bcrypt.dll
0x00007ffcd4600000 - 0x00007ffcd4715000 	C:\WINDOWS\System32\RPCRT4.dll
0x00007ffcd2a50000 - 0x00007ffcd2a9d000 	C:\WINDOWS\SYSTEM32\POWRPROF.dll
0x00007ffcb6520000 - 0x00007ffcb6529000 	C:\WINDOWS\SYSTEM32\WSOCK32.dll
0x00007ffccd460000 - 0x00007ffccd494000 	C:\WINDOWS\SYSTEM32\WINMM.dll
0x00007ffcd4d90000 - 0x00007ffcd4e01000 	C:\WINDOWS\System32\WS2_32.dll
0x00007ffccc010000 - 0x00007ffccc01a000 	C:\WINDOWS\SYSTEM32\VERSION.dll
0x00007ffcd2a30000 - 0x00007ffcd2a43000 	C:\WINDOWS\SYSTEM32\UMPDC.dll
0x00007ffcd2ce0000 - 0x00007ffcd2cf8000 	C:\WINDOWS\SYSTEM32\kernel.appcore.dll
0x00007ffccd700000 - 0x00007ffccd70a000 	C:\Program Files\Android\Android Studio\jbr\bin\jimage.dll
0x00007ffcc3bc0000 - 0x00007ffcc3df3000 	C:\WINDOWS\SYSTEM32\DBGHELP.DLL
0x00007ffcd61b0000 - 0x00007ffcd6538000 	C:\WINDOWS\System32\combase.dll
0x00007ffcd55d0000 - 0x00007ffcd56a7000 	C:\WINDOWS\System32\OLEAUT32.dll
0x00007ffca2db0000 - 0x00007ffca2de2000 	C:\WINDOWS\SYSTEM32\dbgcore.DLL
0x00007ffcd43a0000 - 0x00007ffcd4419000 	C:\WINDOWS\System32\bcryptPrimitives.dll
0x00007ffca87a0000 - 0x00007ffca87ae000 	C:\Program Files\Android\Android Studio\jbr\bin\instrument.dll
0x00007ffcb4e20000 - 0x00007ffcb4e45000 	C:\Program Files\Android\Android Studio\jbr\bin\java.dll
0x00007ffcb4e00000 - 0x00007ffcb4e18000 	C:\Program Files\Android\Android Studio\jbr\bin\zip.dll
0x00007ffcd56e0000 - 0x00007ffcd5f3c000 	C:\WINDOWS\System32\SHELL32.dll
0x00007ffcd1b10000 - 0x00007ffcd2409000 	C:\WINDOWS\SYSTEM32\windows.storage.dll
0x00007ffcd19d0000 - 0x00007ffcd1b0e000 	C:\WINDOWS\SYSTEM32\wintypes.dll
0x00007ffcd4780000 - 0x00007ffcd4873000 	C:\WINDOWS\System32\SHCORE.dll
0x00007ffcd4720000 - 0x00007ffcd477e000 	C:\WINDOWS\System32\shlwapi.dll
0x00007ffcd3b20000 - 0x00007ffcd3b41000 	C:\WINDOWS\SYSTEM32\profapi.dll
0x00007ffc9e2f0000 - 0x00007ffc9e309000 	C:\Program Files\Android\Android Studio\jbr\bin\net.dll
0x00007ffccd900000 - 0x00007ffccda36000 	C:\WINDOWS\SYSTEM32\WINHTTP.dll
0x00007ffcd3140000 - 0x00007ffcd31a9000 	C:\WINDOWS\system32\mswsock.dll
0x00007ffc9a5d0000 - 0x00007ffc9a5e6000 	C:\Program Files\Android\Android Studio\jbr\bin\nio.dll
0x00007ffcaadf0000 - 0x00007ffcaae00000 	C:\Program Files\Android\Android Studio\jbr\bin\verify.dll
0x00007ffcb4e60000 - 0x00007ffcb4e87000 	C:\Users\Curtis L\.gradle\native\c067742578af261105cb4f569cf0c3c89f3d7b1fecec35dd04571415982c5e48\windows-amd64\native-platform.dll
0x00007ffc97720000 - 0x00007ffc97864000 	C:\Users\Curtis L\.gradle\native\38dada09dfb8b06ba9b0570ebf7e218e3eb74d4ef43ca46872605cf95ebc2f47\windows-amd64\native-platform-file-events.dll
0x00007ffcb68e0000 - 0x00007ffcb68e9000 	C:\Program Files\Android\Android Studio\jbr\bin\management.dll
0x00007ffcb4df0000 - 0x00007ffcb4dfb000 	C:\Program Files\Android\Android Studio\jbr\bin\management_ext.dll
0x00007ffcd4b10000 - 0x00007ffcd4b18000 	C:\WINDOWS\System32\PSAPI.DLL
0x00007ffcd33e0000 - 0x00007ffcd33fb000 	C:\WINDOWS\SYSTEM32\CRYPTSP.dll
0x00007ffcd2c40000 - 0x00007ffcd2c75000 	C:\WINDOWS\system32\rsaenh.dll
0x00007ffcd31e0000 - 0x00007ffcd3208000 	C:\WINDOWS\SYSTEM32\USERENV.dll
0x00007ffcd3340000 - 0x00007ffcd334c000 	C:\WINDOWS\SYSTEM32\CRYPTBASE.dll
0x00007ffcd26e0000 - 0x00007ffcd270d000 	C:\WINDOWS\SYSTEM32\IPHLPAPI.DLL
0x00007ffcd4d80000 - 0x00007ffcd4d89000 	C:\WINDOWS\System32\NSI.dll
0x00007ffccd8e0000 - 0x00007ffccd8f9000 	C:\WINDOWS\SYSTEM32\dhcpcsvc6.DLL
0x00007ffccd740000 - 0x00007ffccd75f000 	C:\WINDOWS\SYSTEM32\dhcpcsvc.DLL
0x00007ffcd2750000 - 0x00007ffcd2849000 	C:\WINDOWS\SYSTEM32\DNSAPI.dll
0x00007ffcb6960000 - 0x00007ffcb6968000 	C:\WINDOWS\system32\wshunix.dll

dbghelp: loaded successfully - version: 4.0.5 - missing functions: none
symbol engine: initialized successfully - sym options: 0x614 - pdb path: .;C:\Program Files\Android\Android Studio\jbr\bin;C:\WINDOWS\SYSTEM32;C:\WINDOWS\WinSxS\amd64_microsoft.windows.common-controls_6595b64144ccf1df_6.0.22621.3235_none_270f74e173860f98;C:\Program Files\Android\Android Studio\jbr\bin\server;C:\Users\Curtis L\.gradle\native\c067742578af261105cb4f569cf0c3c89f3d7b1fecec35dd04571415982c5e48\windows-amd64;C:\Users\Curtis L\.gradle\native\38dada09dfb8b06ba9b0570ebf7e218e3eb74d4ef43ca46872605cf95ebc2f47\windows-amd64

VM Arguments:
jvm_args: --add-opens=java.base/java.util=ALL-UNNAMED --add-opens=java.base/java.lang=ALL-UNNAMED --add-opens=java.base/java.lang.invoke=ALL-UNNAMED --add-opens=java.prefs/java.util.prefs=ALL-UNNAMED --add-opens=java.base/java.nio.charset=ALL-UNNAMED --add-opens=java.base/java.net=ALL-UNNAMED --add-opens=java.base/java.util.concurrent.atomic=ALL-UNNAMED -Xmx2048m -Dfile.encoding=UTF-8 -Duser.country=US -Duser.language=en -Duser.variant -javaagent:C:\Users\Curtis L\.gradle\wrapper\dists\gradle-8.4-bin\1w5dpkrfk8irigvoxmyhowfim\gradle-8.4\lib\agents\gradle-instrumentation-agent-8.4.jar 
java_command: org.gradle.launcher.daemon.bootstrap.GradleDaemon 8.4
java_class_path (initial): C:\Users\Curtis L\.gradle\wrapper\dists\gradle-8.4-bin\1w5dpkrfk8irigvoxmyhowfim\gradle-8.4\lib\gradle-launcher-8.4.jar
Launcher Type: SUN_STANDARD

[Global flags]
     intx CICompilerCount                          = 4                                         {product} {ergonomic}
     uint ConcGCThreads                            = 2                                         {product} {ergonomic}
     uint G1ConcRefinementThreads                  = 8                                         {product} {ergonomic}
   size_t G1HeapRegionSize                         = 1048576                                   {product} {ergonomic}
    uintx GCDrainStackTargetSize                   = 64                                        {product} {ergonomic}
   size_t InitialHeapSize                          = 132120576                                 {product} {ergonomic}
   size_t MarkStackSize                            = 4194304                                   {product} {ergonomic}
   size_t MaxHeapSize                              = 2147483648                                {product} {command line}
   size_t MaxNewSize                               = 1287651328                                {product} {ergonomic}
   size_t MinHeapDeltaBytes                        = 1048576                                   {product} {ergonomic}
   size_t MinHeapSize                              = 8388608                                   {product} {ergonomic}
    uintx NonNMethodCodeHeapSize                   = 5839372                                {pd product} {ergonomic}
    uintx NonProfiledCodeHeapSize                  = 122909434                              {pd product} {ergonomic}
    uintx ProfiledCodeHeapSize                     = 122909434                              {pd product} {ergonomic}
    uintx ReservedCodeCacheSize                    = 251658240                              {pd product} {ergonomic}
     bool SegmentedCodeCache                       = true                                      {product} {ergonomic}
   size_t SoftMaxHeapSize                          = 2147483648                             {manageable} {ergonomic}
     bool UseCompressedClassPointers               = true                           {product lp64_product} {ergonomic}
     bool UseCompressedOops                        = true                           {product lp64_product} {ergonomic}
     bool UseG1GC                                  = true                                      {product} {ergonomic}
     bool UseLargePagesIndividualAllocation        = false                                  {pd product} {ergonomic}

Logging:
Log output configuration:
 #0: stdout all=warning uptime,level,tags
 #1: stderr all=off uptime,level,tags

Environment Variables:
PATH=C:\Program Files\Common Files\Oracle\Java\javapath;C:\Program Files (x86)\Common Files\Oracle\Java\java8path;C:\Program Files (x86)\Common Files\Oracle\Java\javapath;C:\Windows\system32;C:\Windows;C:\Windows\System32\Wbem;C:\Windows\System32\WindowsPowerShell\v1.0\;C:\Windows\System32\OpenSSH\;C:\Program Files\Intel\WiFi\bin\;C:\Program Files\Common Files\Intel\WirelessCommon\;C:\WINDOWS\system32;C:\WINDOWS;C:\WINDOWS\System32\Wbem;C:\WINDOWS\System32\WindowsPowerShell\v1.0\;C:\WINDOWS\System32\OpenSSH\;C:\Program Files (x86)\NVIDIA Corporation\PhysX\Common;C:\Program Files\NVIDIA Corporation\NVIDIA NvDLISR;C:\WINDOWS\system32;C:\WINDOWS;C:\WINDOWS\System32\Wbem;C:\WINDOWS\System32\WindowsPowerShell\v1.0\;C:\WINDOWS\System32\OpenSSH\;C:\Strawberry\c\bin;C:\Strawberry\perl\site\bin;C:\Strawberry\perl\bin;C:\Users\Curtis L\AppData\Local\Microsoft\WindowsApps;
USERNAME=Curtis L
OS=Windows_NT
PROCESSOR_IDENTIFIER=Intel64 Family 6 Model 158 Stepping 10, GenuineIntel
TMP=C:\Users\CURTIS~1\AppData\Local\Temp
TEMP=C:\Users\CURTIS~1\AppData\Local\Temp



Periodic native trim disabled

JNI global refs:
JNI global refs: 26, weak refs: 0

JNI global refs memory usage: 843, weak refs: 209

OOME stack traces (most recent first):
Classloader memory used:
Loader org.gradle.internal.classloader.VisitableURLClassLoader                         : 3404K
Loader bootstrap                                                                       : 2431K
Loader org.gradle.initialization.MixInLegacyTypesClassLoader                           : 1024K
Loader jdk.internal.loader.ClassLoaders$PlatformClassLoader                            : 65865B
Loader jdk.internal.loader.ClassLoaders$AppClassLoader                                 : 28451B
Loader jdk.internal.reflect.DelegatingClassLoader                                      : 21635B
Loader org.gradle.internal.classloader.VisitableURLClassLoader                         : 7781B
Loader org.gradle.internal.classloader.VisitableURLClassLoader$InstrumentingVisitableURLClassLoader: 7118B

Classes loaded by more than one classloader:
Class Program                                                                         : loaded 4 times (x 72B)
Class org.gradle.internal.classpath.ClassPath                                         : loaded 2 times (x 68B)
Class org.gradle.api.internal.classpath.DefaultModuleRegistry                         : loaded 2 times (x 84B)
Class Settings_gradle$1$1                                                             : loaded 2 times (x 72B)
Class org.gradle.api.Action                                                           : loaded 2 times (x 68B)
Class org.gradle.api.internal.DefaultClassPathProvider                                : loaded 2 times (x 74B)
Class org.gradle.internal.installation.GradleInstallation$1                           : loaded 2 times (x 73B)
Class org.gradle.internal.classloader.FilteringClassLoader                            : loaded 2 times (x 103B)
Class org.gradle.internal.classpath.DefaultClassPath$ImmutableUniqueList$Builder      : loaded 2 times (x 73B)
Class org.gradle.internal.classloader.ClassLoaderVisitor                              : loaded 2 times (x 74B)
Class org.gradle.internal.service.DefaultServiceLocator                               : loaded 2 times (x 81B)
Class org.gradle.internal.service.UnknownServiceException                             : loaded 2 times (x 81B)
Class org.gradle.internal.classloader.DefaultClassLoaderFactory                       : loaded 2 times (x 80B)
Class org.gradle.internal.classloader.VisitableURLClassLoader$Spec                    : loaded 2 times (x 72B)
Class org.gradle.api.GradleException                                                  : loaded 2 times (x 80B)
Class org.gradle.api.internal.classpath.ModuleRegistry                                : loaded 2 times (x 68B)
Class org.gradle.api.internal.ClassPathProvider                                       : loaded 2 times (x 68B)
Class org.gradle.internal.classloader.ClasspathUtil$1                                 : loaded 2 times (x 74B)
Class org.gradle.internal.classloader.ClassLoaderFactory                              : loaded 2 times (x 68B)
Class org.gradle.api.internal.classpath.ManifestUtil                                  : loaded 2 times (x 69B)
Class org.gradle.api.specs.Spec                                                       : loaded 2 times (x 68B)
Class org.gradle.internal.IoActions                                                   : loaded 2 times (x 69B)
Class org.gradle.api.internal.classpath.EffectiveClassPath                            : loaded 2 times (x 88B)
Class org.gradle.internal.installation.CurrentGradleInstallation                      : loaded 2 times (x 71B)
Class org.gradle.internal.agents.InstrumentingClassLoader                             : loaded 2 times (x 68B)
Class org.gradle.internal.installation.CurrentGradleInstallationLocator               : loaded 2 times (x 69B)
Class org.gradle.api.internal.classpath.Module                                        : loaded 2 times (x 68B)
Class org.gradle.internal.service.CachingServiceLocator                               : loaded 2 times (x 80B)
Class org.gradle.internal.classpath.DefaultClassPath                                  : loaded 2 times (x 88B)
Class Build_gradle$1                                                                  : loaded 2 times (x 76B)
Class org.gradle.internal.classloader.SystemClassLoaderSpec                           : loaded 2 times (x 69B)
Class org.gradle.api.UncheckedIOException                                             : loaded 2 times (x 80B)
Class org.gradle.internal.installation.GradleInstallation                             : loaded 2 times (x 73B)
Class org.gradle.internal.classloader.ClasspathUtil                                   : loaded 2 times (x 69B)
Class org.gradle.api.internal.DefaultClassPathRegistry                                : loaded 2 times (x 74B)
Class org.gradle.api.internal.classpath.DefaultModuleRegistry$DefaultModule           : loaded 2 times (x 84B)
Class org.gradle.kotlin.dsl.VersionCatalogAccessorsKt                                 : loaded 2 times (x 69B)
Class org.gradle.api.internal.classpath.UnknownModuleException                        : loaded 2 times (x 80B)
Class org.gradle.internal.service.ServiceLookupException                              : loaded 2 times (x 80B)
Class org.gradle.cache.GlobalCache                                                    : loaded 2 times (x 68B)
Class [Lorg.gradle.api.internal.ClassPathProvider;                                    : loaded 2 times (x 67B)
Class org.gradle.util.internal.GUtil                                                  : loaded 2 times (x 69B)
Class org.gradle.internal.classloader.ClassLoaderSpec                                 : loaded 2 times (x 69B)
Class org.gradle.internal.classloader.VisitableURLClassLoader                         : loaded 2 times (x 115B)
Class org.gradle.internal.Cast                                                        : loaded 2 times (x 69B)
Class Build_gradle                                                                    : loaded 2 times (x 70B)
Class org.gradle.api.internal.ClassPathRegistry                                       : loaded 2 times (x 68B)
Class org.gradle.internal.classloader.VisitableURLClassLoader$InstrumentingVisitableURLClassLoader: loaded 2 times (x 121B)
Class org.gradle.internal.classloader.ClassLoaderHierarchy                            : loaded 2 times (x 68B)
Class org.gradle.internal.InternalTransformer                                         : loaded 2 times (x 68B)
Class org.gradle.internal.service.ServiceLocator                                      : loaded 2 times (x 68B)
Class Settings_gradle$1                                                               : loaded 2 times (x 72B)
Class org.gradle.internal.classpath.DefaultClassPath$ImmutableUniqueList              : loaded 2 times (x 159B)
Class org.gradle.internal.classpath.TransformedClassPath                              : loaded 2 times (x 94B)
Class Settings_gradle                                                                 : loaded 2 times (x 126B)


---------------  S Y S T E M  ---------------

OS:
 Windows 11 , 64 bit Build 22621 (10.0.22621.3374)
OS uptime: 16 days 3:01 hours
Hyper-V role detected

CPU: total 8 (initial active 8) (4 cores per cpu, 2 threads per core) family 6 model 158 stepping 10 microcode 0xde, cx8, cmov, fxsr, ht, mmx, 3dnowpref, sse, sse2, sse3, ssse3, sse4.1, sse4.2, popcnt, lzcnt, tsc, tscinvbit, avx, avx2, aes, erms, clmul, bmi1, bmi2, adx, fma, vzeroupper, clflush, clflushopt, hv
Processor Information for all 8 processors :
  Max Mhz: 2301, Current Mhz: 2300, Mhz Limit: 2277

Memory: 4k page, system-wide physical 8038M (442M free)
TotalPageFile size 18790M (AvailPageFile size 4M)
current process WorkingSet (physical memory assigned to process): 246M, peak: 253M
current process commit charge ("private bytes"): 284M, peak: 291M

vm_info: OpenJDK 64-Bit Server VM (17.0.9+0--11185874) for windows-amd64 JRE (17.0.9+0--11185874), built on Dec  6 2023 18:57:44 by "androidbuild" with MS VC++ 16.10 / 16.11 (VS2019)

END.
